<?xml version="1.0" encoding="UTF-8"?>
<coverage generated="1503943785819" clover="3.2.0">
  <project timestamp="1503943785819" name="All files">
    <metrics statements="3" coveredstatements="2" conditionals="3" coveredconditionals="2" methods="1" coveredmethods="1" elements="7" coveredelements="5" complexity="0" loc="3" ncloc="3" packages="1" files="1" classes="1">
      <file name="Index.js" path="C:\Users\elect\Documents\Proyects\ferreteria\client\src\redux\reducer\reducers\Admin\base\Index.js">
        <metrics statements="3" coveredstatements="2" conditionals="3" coveredconditionals="2" methods="1" coveredmethods="1"/>
        <line num="5" count="1" type="cond" truecount="1" falsecount="1"/>
        <line num="7" count="1" type="stmt"/>
        <line num="10" count="0" type="stmt"/>
      </file>
    </metrics>
  </project>
</coverage>
