{"C:\\Users\\elect\\Documents\\Proyects\\ferreteria\\client\\src\\redux\\reducer\\reducers\\Admin\\base\\Index.js": {"path":"C:\\Users\\elect\\Documents\\Proyects\\ferreteria\\client\\src\\redux\\reducer\\reducers\\Admin\\base\\Index.js","statementMap":{"0":{"start":{"line":5,"column":4},"end":{"line":12,"column":5}},"1":{"start":{"line":7,"column":8},"end":{"line":7,"column":44}},"2":{"start":{"line":10,"column":6},"end":{"line":10,"column":18}}},"fnMap":{"0":{"name":"reducer","decl":{"start":{"line":1,"column":24},"end":{"line":1,"column":31}},"loc":{"start":{"line":3,"column":13},"end":{"line":13,"column":1}},"line":3}},"branchMap":{"0":{"loc":{"start":{"line":1,"column":32},"end":{"line":3,"column":3}},"type":"default-arg","locations":[{"start":{"line":1,"column":38},"end":{"line":3,"column":3}}],"line":1},"1":{"loc":{"start":{"line":5,"column":4},"end":{"line":12,"column":5}},"type":"switch","locations":[{"start":{"line":6,"column":6},"end":{"line":8,"column":7}},{"start":{"line":9,"column":6},"end":{"line":11,"column":7}}],"line":5}},"s":{"0":1,"1":1,"2":0},"f":{"0":1},"b":{"0":[1],"1":[1,0]},"_coverageSchema":"332fd63041d2c1bcb487cc26dd0d5f7d97098a6c","hash":"fb034cc568a6806e0d3ea61393f649cbb85fc3d5"}
}
